<?xml version="1.0" encoding="UTF-8"?>
<!-- Generated by org.testng.reporters.JUnitReportReporter -->
<testsuite skipped="0" hostname="RANITA-PC" name="com.qa.tests.GetAPITest" tests="2" failures="0" timestamp="04 Dec 2019 11:44:26 GMT" time="2.264" errors="0">
  <testcase name="getAPITestWithoutHeaders" time="1.447" classname="com.qa.tests.GetAPITest"/>
  <testcase name="getAPITestWithHeaders" time="0.817" classname="com.qa.tests.GetAPITest"/>
</testsuite> <!-- com.qa.tests.GetAPITest -->
